2023-07-29T14:06:11.126-0700 INFO Starting Restful API App...
2023-07-29T14:06:11.270-0700 INFO Starting MyspringMdbApp1Application using Java 19.0.2 with PID 5339 (/Users/sunxu/eclipse-workspace/myspring-mdb-app1/target/classes started by sunxu in /Users/sunxu/eclipse-workspace/myspring-mdb-app1)
2023-07-29T14:06:11.271-0700 DEBUG Running with Spring Boot v3.1.1, Spring v6.0.10
2023-07-29T14:06:11.272-0700 INFO No active profile set, falling back to 1 default profile: "default"
2023-07-29T14:06:12.187-0700 DEBUG Filter 'jwtAuthenticationFilter' configured for use
2023-07-29T14:06:12.893-0700 INFO Started MyspringMdbApp1Application in 1.739 seconds (process running for 2.247)
2023-07-29T14:10:35.510-0700 INFO Starting Restful API App...
2023-07-29T14:10:35.655-0700 INFO Starting MyspringMdbApp1Application using Java 19.0.2 with PID 5422 (/Users/sunxu/eclipse-workspace/myspring-mdb-app1/target/classes started by sunxu in /Users/sunxu/eclipse-workspace/myspring-mdb-app1)
2023-07-29T14:10:35.656-0700 DEBUG Running with Spring Boot v3.1.1, Spring v6.0.10
2023-07-29T14:10:35.656-0700 INFO No active profile set, falling back to 1 default profile: "default"
2023-07-29T14:10:36.554-0700 DEBUG Filter 'jwtAuthenticationFilter' configured for use
2023-07-29T14:10:37.258-0700 INFO Started MyspringMdbApp1Application in 1.72 seconds (process running for 2.2)
2023-07-29T14:10:44.133-0700 INFO Entering into restapi endpoint to get all ImageRecords
2023-07-29T14:10:44.135-0700 DEBUG Getting all image records with page size: 5, page number: 0, sort: UNSORTED
2023-07-29T14:37:26.541-0700 INFO Starting Restful API App...
2023-07-29T14:37:26.691-0700 INFO Starting MyspringMdbApp1Application using Java 19.0.2 with PID 5802 (/Users/sunxu/eclipse-workspace/myspring-mdb-app1/target/classes started by sunxu in /Users/sunxu/eclipse-workspace/myspring-mdb-app1)
2023-07-29T14:37:26.692-0700 DEBUG Running with Spring Boot v3.1.1, Spring v6.0.10
2023-07-29T14:37:26.693-0700 INFO No active profile set, falling back to 1 default profile: "default"
2023-07-29T14:37:27.601-0700 DEBUG Filter 'jwtAuthenticationFilter' configured for use
2023-07-29T14:41:02.302-0700 INFO Starting Restful API App...
2023-07-29T14:41:02.444-0700 INFO Starting MyspringMdbApp1Application using Java 19.0.2 with PID 5869 (/Users/sunxu/eclipse-workspace/myspring-mdb-app1/target/classes started by sunxu in /Users/sunxu/eclipse-workspace/myspring-mdb-app1)
2023-07-29T14:41:02.445-0700 DEBUG Running with Spring Boot v3.1.1, Spring v6.0.10
2023-07-29T14:41:02.445-0700 INFO No active profile set, falling back to 1 default profile: "default"
2023-07-29T14:41:03.342-0700 DEBUG Filter 'jwtAuthenticationFilter' configured for use
2023-07-29T14:41:04.030-0700 INFO Started MyspringMdbApp1Application in 1.7 seconds (process running for 2.023)
2023-07-29T14:45:18.644-0700 INFO Starting Restful API App...
2023-07-29T14:45:18.912-0700 INFO Starting MyspringMdbApp1Application using Java 19.0.2 with PID 5950 (/Users/sunxu/eclipse-workspace/myspring-mdb-app1/target/classes started by sunxu in /Users/sunxu/eclipse-workspace/myspring-mdb-app1)
2023-07-29T14:45:18.914-0700 DEBUG Running with Spring Boot v3.1.1, Spring v6.0.10
2023-07-29T14:45:18.916-0700 INFO No active profile set, falling back to 1 default profile: "default"
2023-07-29T14:45:20.241-0700 DEBUG Filter 'jwtAuthenticationFilter' configured for use
2023-07-29T14:45:22.379-0700 INFO Started MyspringMdbApp1Application in 3.688 seconds (process running for 4.353)
2023-07-29T15:00:58.840-0700 INFO Starting Restful API App...
2023-07-29T15:00:58.994-0700 INFO Starting MyspringMdbApp1Application using Java 19.0.2 with PID 6311 (/Users/sunxu/eclipse-workspace/myspring-mdb-app1/target/classes started by sunxu in /Users/sunxu/eclipse-workspace/myspring-mdb-app1)
2023-07-29T15:00:58.996-0700 DEBUG Running with Spring Boot v3.1.1, Spring v6.0.10
2023-07-29T15:00:58.996-0700 INFO No active profile set, falling back to 1 default profile: "default"
2023-07-29T15:00:59.892-0700 DEBUG Filter 'jwtAuthenticationFilter' configured for use
2023-07-29T15:01:00.616-0700 INFO Started MyspringMdbApp1Application in 1.749 seconds (process running for 2.08)
2023-07-29T15:04:26.929-0700 INFO Entering into restapi endpoint to get all ImageRecords
2023-07-29T15:04:26.933-0700 DEBUG Getting all image records with page size: 5, page number: 0, sort: UNSORTED
2023-07-29T15:20:52.735-0700 INFO Starting Restful API App...
2023-07-29T15:20:53.072-0700 INFO Starting MyspringMdbApp1Application using Java 19.0.2 with PID 6647 (/Users/sunxu/eclipse-workspace/myspring-mdb-app1/target/classes started by sunxu in /Users/sunxu/eclipse-workspace/myspring-mdb-app1)
2023-07-29T15:20:53.074-0700 DEBUG Running with Spring Boot v3.1.1, Spring v6.0.10
2023-07-29T15:20:53.075-0700 INFO No active profile set, falling back to 1 default profile: "default"
2023-07-29T15:20:54.407-0700 DEBUG Filter 'jwtAuthenticationFilter' configured for use
2023-07-29T15:20:55.143-0700 INFO Started MyspringMdbApp1Application in 2.365 seconds (process running for 2.999)
2023-07-29T15:24:51.780-0700 INFO Starting Restful API App...
2023-07-29T15:24:51.953-0700 INFO Starting MyspringMdbApp1Application using Java 19.0.2 with PID 6777 (/Users/sunxu/eclipse-workspace/myspring-mdb-app1/target/classes started by sunxu in /Users/sunxu/eclipse-workspace/myspring-mdb-app1)
2023-07-29T15:24:51.954-0700 DEBUG Running with Spring Boot v3.1.1, Spring v6.0.10
2023-07-29T15:24:51.955-0700 INFO No active profile set, falling back to 1 default profile: "default"
2023-07-29T15:24:52.940-0700 DEBUG Filter 'jwtAuthenticationFilter' configured for use
2023-07-29T15:24:53.663-0700 INFO Started MyspringMdbApp1Application in 1.842 seconds (process running for 2.385)
2023-07-29T15:35:44.118-0700 INFO Starting Restful API App...
2023-07-29T15:35:44.266-0700 INFO Starting MyspringMdbApp1Application using Java 19.0.2 with PID 6921 (/Users/sunxu/eclipse-workspace/myspring-mdb-app1/target/classes started by sunxu in /Users/sunxu/eclipse-workspace/myspring-mdb-app1)
2023-07-29T15:35:44.267-0700 DEBUG Running with Spring Boot v3.1.1, Spring v6.0.10
2023-07-29T15:35:44.268-0700 INFO No active profile set, falling back to 1 default profile: "default"
2023-07-29T15:35:45.239-0700 DEBUG Filter 'jwtAuthenticationFilter' configured for use
2023-07-29T15:36:01.146-0700 INFO Starting Restful API App...
2023-07-29T15:36:01.291-0700 INFO Starting MyspringMdbApp1Application using Java 19.0.2 with PID 6924 (/Users/sunxu/eclipse-workspace/myspring-mdb-app1/target/classes started by sunxu in /Users/sunxu/eclipse-workspace/myspring-mdb-app1)
2023-07-29T15:36:01.291-0700 DEBUG Running with Spring Boot v3.1.1, Spring v6.0.10
2023-07-29T15:36:01.292-0700 INFO No active profile set, falling back to 1 default profile: "default"
2023-07-29T15:36:02.179-0700 DEBUG Filter 'jwtAuthenticationFilter' configured for use
2023-07-29T15:36:02.890-0700 INFO Started MyspringMdbApp1Application in 1.716 seconds (process running for 2.024)
2023-07-29T15:42:52.831-0700 INFO Starting Restful API App...
2023-07-29T15:42:52.999-0700 INFO Starting MyspringMdbApp1Application using Java 19.0.2 with PID 7028 (/Users/sunxu/eclipse-workspace/myspring-mdb-app1/target/classes started by sunxu in /Users/sunxu/eclipse-workspace/myspring-mdb-app1)
2023-07-29T15:42:53.000-0700 DEBUG Running with Spring Boot v3.1.1, Spring v6.0.10
2023-07-29T15:42:53.000-0700 INFO No active profile set, falling back to 1 default profile: "default"
2023-07-29T15:42:53.917-0700 DEBUG Filter 'jwtAuthenticationFilter' configured for use
2023-07-29T15:42:54.643-0700 INFO Started MyspringMdbApp1Application in 1.775 seconds (process running for 2.304)
2023-07-29T15:43:28.346-0700 INFO Starting MyspringMdbApp1ApplicationTests using Java 19.0.2 with PID 7037 (started by sunxu in /Users/sunxu/eclipse-workspace/myspring-mdb-app1)
2023-07-29T15:43:28.347-0700 DEBUG Running with Spring Boot v3.1.1, Spring v6.0.10
2023-07-29T15:43:28.347-0700 INFO No active profile set, falling back to 1 default profile: "default"
2023-07-29T15:45:42.917-0700 INFO Starting MyspringMdbApp1ApplicationTests using Java 19.0.2 with PID 7072 (started by sunxu in /Users/sunxu/eclipse-workspace/myspring-mdb-app1)
2023-07-29T15:45:42.919-0700 DEBUG Running with Spring Boot v3.1.1, Spring v6.0.10
2023-07-29T15:45:42.919-0700 INFO No active profile set, falling back to 1 default profile: "default"
2023-07-29T15:45:44.750-0700 INFO Started MyspringMdbApp1ApplicationTests in 1.927 seconds (process running for 2.526)
2023-07-29T15:46:38.870-0700 INFO Starting Restful API App...
2023-07-29T15:46:39.015-0700 INFO Starting MyspringMdbApp1Application using Java 19.0.2 with PID 7104 (/Users/sunxu/eclipse-workspace/myspring-mdb-app1/target/classes started by sunxu in /Users/sunxu/eclipse-workspace/myspring-mdb-app1)
2023-07-29T15:46:39.016-0700 DEBUG Running with Spring Boot v3.1.1, Spring v6.0.10
2023-07-29T15:46:39.017-0700 INFO No active profile set, falling back to 1 default profile: "default"
2023-07-29T15:46:39.899-0700 DEBUG Filter 'jwtAuthenticationFilter' configured for use
2023-07-29T15:46:40.580-0700 INFO Started MyspringMdbApp1Application in 1.683 seconds (process running for 1.999)
2023-07-29T15:49:15.675-0700 INFO Starting Restful API App...
2023-07-29T15:49:15.822-0700 INFO Starting MyspringMdbApp1Application using Java 19.0.2 with PID 7151 (/Users/sunxu/eclipse-workspace/myspring-mdb-app1/target/classes started by sunxu in /Users/sunxu/eclipse-workspace/myspring-mdb-app1)
2023-07-29T15:49:15.823-0700 DEBUG Running with Spring Boot v3.1.1, Spring v6.0.10
2023-07-29T15:49:15.824-0700 INFO No active profile set, falling back to 1 default profile: "default"
2023-07-29T15:49:16.749-0700 DEBUG Filter 'jwtAuthenticationFilter' configured for use
2023-07-29T15:49:17.472-0700 INFO Started MyspringMdbApp1Application in 1.769 seconds (process running for 2.253)
2023-07-29T16:10:44.263-0700 INFO Starting Restful API App...
2023-07-29T16:10:44.430-0700 INFO Starting MyspringMdbApp1Application using Java 19.0.2 with PID 7708 (/Users/sunxu/eclipse-workspace/myspring-mdb-app1/target/classes started by sunxu in /Users/sunxu/eclipse-workspace/myspring-mdb-app1)
2023-07-29T16:10:44.431-0700 DEBUG Running with Spring Boot v3.1.1, Spring v6.0.10
2023-07-29T16:10:44.432-0700 INFO No active profile set, falling back to 1 default profile: "default"
2023-07-29T16:10:45.384-0700 DEBUG Filter 'jwtAuthenticationFilter' configured for use
2023-07-29T16:11:18.941-0700 INFO Starting Restful API App...
2023-07-29T16:11:19.095-0700 INFO Starting MyspringMdbApp1Application using Java 19.0.2 with PID 7722 (/Users/sunxu/eclipse-workspace/myspring-mdb-app1/target/classes started by sunxu in /Users/sunxu/eclipse-workspace/myspring-mdb-app1)
2023-07-29T16:11:19.096-0700 DEBUG Running with Spring Boot v3.1.1, Spring v6.0.10
2023-07-29T16:11:19.096-0700 INFO No active profile set, falling back to 1 default profile: "default"
2023-07-29T16:11:20.050-0700 DEBUG Filter 'jwtAuthenticationFilter' configured for use
2023-07-29T18:18:42.361-0700 INFO Starting Restful API App...
2023-07-29T18:18:42.523-0700 INFO Starting MyspringMdbApp1Application using Java 19.0.2 with PID 8124 (/Users/sunxu/eclipse-workspace/myspring-mdb-app1/target/classes started by sunxu in /Users/sunxu/eclipse-workspace/myspring-mdb-app1)
2023-07-29T18:18:42.524-0700 DEBUG Running with Spring Boot v3.1.1, Spring v6.0.10
2023-07-29T18:18:42.524-0700 INFO No active profile set, falling back to 1 default profile: "default"
2023-07-29T18:18:43.862-0700 DEBUG Filter 'jwtAuthenticationFilter' configured for use
2023-07-29T18:21:26.059-0700 INFO Starting Restful API App...
2023-07-29T18:21:26.209-0700 INFO Starting MyspringMdbApp1Application using Java 19.0.2 with PID 8167 (/Users/sunxu/eclipse-workspace/myspring-mdb-app1/target/classes started by sunxu in /Users/sunxu/eclipse-workspace/myspring-mdb-app1)
2023-07-29T18:21:26.210-0700 DEBUG Running with Spring Boot v3.1.1, Spring v6.0.10
2023-07-29T18:21:26.210-0700 INFO No active profile set, falling back to 1 default profile: "default"
2023-07-29T18:21:27.139-0700 DEBUG Filter 'jwtAuthenticationFilter' configured for use
2023-07-29T18:27:03.887-0700 INFO Starting Restful API App...
2023-07-29T18:27:04.033-0700 INFO Starting MyspringMdbApp1Application using Java 19.0.2 with PID 1065 (/Users/sunxu/eclipse-workspace/myspring-mdb-app1/target/classes started by sunxu in /Users/sunxu/eclipse-workspace/myspring-mdb-app1)
2023-07-29T18:27:04.034-0700 DEBUG Running with Spring Boot v3.1.1, Spring v6.0.10
2023-07-29T18:27:04.035-0700 INFO No active profile set, falling back to 1 default profile: "default"
2023-07-29T18:27:04.913-0700 DEBUG Filter 'jwtAuthenticationFilter' configured for use
2023-07-29T18:27:05.604-0700 INFO Started MyspringMdbApp1Application in 1.686 seconds (process running for 1.997)
2023-07-29T18:28:34.908-0700 INFO Starting Restful API App...
2023-07-29T18:28:35.103-0700 INFO Starting MyspringMdbApp1Application using Java 19.0.2 with PID 1086 (/Users/sunxu/eclipse-workspace/myspring-mdb-app1/target/classes started by sunxu in /Users/sunxu/eclipse-workspace/myspring-mdb-app1)
2023-07-29T18:28:35.105-0700 DEBUG Running with Spring Boot v3.1.1, Spring v6.0.10
2023-07-29T18:28:35.106-0700 INFO No active profile set, falling back to 1 default profile: "default"
2023-07-29T18:28:36.039-0700 DEBUG Filter 'jwtAuthenticationFilter' configured for use
2023-07-29T18:30:34.314-0700 INFO Starting Restful API App...
2023-07-29T18:30:34.455-0700 INFO Starting MyspringMdbApp1Application using Java 19.0.2 with PID 1115 (/Users/sunxu/eclipse-workspace/myspring-mdb-app1/target/classes started by sunxu in /Users/sunxu/eclipse-workspace/myspring-mdb-app1)
2023-07-29T18:30:34.456-0700 DEBUG Running with Spring Boot v3.1.1, Spring v6.0.10
2023-07-29T18:30:34.456-0700 INFO No active profile set, falling back to 1 default profile: "default"
2023-07-29T18:30:35.314-0700 DEBUG Filter 'jwtAuthenticationFilter' configured for use
2023-07-29T18:30:36.017-0700 INFO Started MyspringMdbApp1Application in 1.672 seconds (process running for 1.982)
2023-07-29T18:48:34.604-0700 INFO Starting Restful API App...
2023-07-29T18:48:34.741-0700 INFO Starting MyspringMdbApp1Application using Java 19.0.2 with PID 1255 (/Users/sunxu/eclipse-workspace/myspring-mdb-app1/target/classes started by sunxu in /Users/sunxu/eclipse-workspace/myspring-mdb-app1)
2023-07-29T18:48:34.742-0700 DEBUG Running with Spring Boot v3.1.1, Spring v6.0.10
2023-07-29T18:48:34.743-0700 INFO No active profile set, falling back to 1 default profile: "default"
2023-07-29T18:48:35.612-0700 DEBUG Filter 'jwtAuthenticationFilter' configured for use
2023-07-29T18:50:15.625-0700 INFO Starting Restful API App...
2023-07-29T18:50:15.765-0700 INFO Starting MyspringMdbApp1Application using Java 19.0.2 with PID 1277 (/Users/sunxu/eclipse-workspace/myspring-mdb-app1/target/classes started by sunxu in /Users/sunxu/eclipse-workspace/myspring-mdb-app1)
2023-07-29T18:50:15.766-0700 DEBUG Running with Spring Boot v3.1.1, Spring v6.0.10
2023-07-29T18:50:15.766-0700 INFO No active profile set, falling back to 1 default profile: "default"
2023-07-29T18:50:16.719-0700 DEBUG Filter 'jwtAuthenticationFilter' configured for use
2023-07-29T18:50:17.399-0700 INFO Started MyspringMdbApp1Application in 1.747 seconds (process running for 2.066)
2023-07-29T18:50:29.785-0700 INFO Entering into graphql endpoint to get an ImageRecord by id
2023-07-29T18:50:29.785-0700 DEBUG Getting the ImageRecords by id: 1
2023-07-29T18:50:53.217-0700 INFO Entering into graphql endpoint to get all ImageRecords
2023-07-29T18:50:53.218-0700 DEBUG Getting all image records with page size: 10, page number: 0, sort: UNSORTED
2023-07-29T18:59:59.766-0700 INFO Entering into graphql endpoint to get all ImageRecords
2023-07-29T18:59:59.769-0700 DEBUG Getting all image records with page size: 10, page number: 0, sort: UNSORTED
2023-07-29T19:07:21.325-0700 INFO Entering into graphql endpoint to get all ImageRecords
2023-07-29T19:07:21.326-0700 DEBUG Getting all image records with page size: 10, page number: 0, sort: UNSORTED
2023-07-29T19:08:11.860-0700 INFO Entering into graphql endpoint to get all ImageRecords
2023-07-29T19:08:11.862-0700 DEBUG Getting all image records with page size: 10, page number: 0, sort: UNSORTED
2023-07-29T19:08:34.274-0700 INFO Entering into graphql endpoint to get all ImageRecords
2023-07-29T19:08:34.275-0700 DEBUG Getting all image records with page size: 10, page number: 0, sort: UNSORTED
2023-07-29T19:09:56.743-0700 INFO Entering into graphql endpoint to get all ImageRecords
2023-07-29T19:09:56.745-0700 DEBUG Getting all image records with page size: 10, page number: 0, sort: UNSORTED
2023-07-31T12:32:21.969-0700 INFO Starting Restful API App...
2023-07-31T12:32:22.131-0700 INFO Starting MyspringMdbApp1Application using Java 19.0.2 with PID 1919 (/Users/sunxu/eclipse-workspace/myspring-mdb-app1/target/classes started by sunxu in /Users/sunxu/eclipse-workspace/myspring-mdb-app1)
2023-07-31T12:32:22.132-0700 DEBUG Running with Spring Boot v3.1.1, Spring v6.0.10
2023-07-31T12:32:22.133-0700 INFO No active profile set, falling back to 1 default profile: "default"
2023-07-31T12:32:23.104-0700 DEBUG Filter 'jwtAuthenticationFilter' configured for use
2023-07-31T12:32:23.825-0700 INFO Started MyspringMdbApp1Application in 1.822 seconds (process running for 2.141)
2023-07-31T12:32:35.846-0700 INFO Entering into graphql endpoint to get all ImageRecords
2023-07-31T12:32:35.846-0700 DEBUG Getting all image records with page size: 10, page number: 0, sort: UNSORTED
2023-07-31T14:02:29.108-0700 INFO Starting Restful API App...
2023-07-31T14:02:29.260-0700 INFO Starting MyspringMdbApp1Application using Java 19.0.2 with PID 2866 (/Users/sunxu/eclipse-workspace/myspring-mdb-app1/target/classes started by sunxu in /Users/sunxu/eclipse-workspace/myspring-mdb-app1)
2023-07-31T14:02:29.261-0700 DEBUG Running with Spring Boot v3.1.1, Spring v6.0.10
2023-07-31T14:02:29.262-0700 INFO No active profile set, falling back to 1 default profile: "default"
2023-07-31T14:02:30.174-0700 DEBUG Filter 'jwtAuthenticationFilter' configured for use
2023-07-31T14:02:30.866-0700 INFO Started MyspringMdbApp1Application in 1.724 seconds (process running for 2.404)
2023-07-31T14:04:35.878-0700 INFO Entering into restapi endpoint to get all ImageRecords
2023-07-31T14:04:35.880-0700 DEBUG Getting all image records with page size: 5, page number: 0, sort: UNSORTED
2023-07-31T14:05:18.099-0700 INFO Entering into restapi endpoint to get all ImageRecords
2023-07-31T14:05:18.099-0700 DEBUG Getting all image records with page size: 5, page number: 0, sort: UNSORTED
2023-07-31T14:15:09.220-0700 INFO Entering into restapi endpoint to get all ImageRecords
2023-07-31T14:15:09.222-0700 DEBUG Getting all image records with page size: 5, page number: 0, sort: UNSORTED
2023-07-31T14:15:11.136-0700 INFO Entering into restapi endpoint to get all ImageRecords
2023-07-31T14:15:11.136-0700 DEBUG Getting all image records with page size: 5, page number: 0, sort: UNSORTED
2023-07-31T14:15:28.459-0700 INFO Starting Restful API App...
2023-07-31T14:15:28.602-0700 INFO Starting MyspringMdbApp1Application using Java 19.0.2 with PID 3053 (/Users/sunxu/eclipse-workspace/myspring-mdb-app1/target/classes started by sunxu in /Users/sunxu/eclipse-workspace/myspring-mdb-app1)
2023-07-31T14:15:28.603-0700 DEBUG Running with Spring Boot v3.1.1, Spring v6.0.10
2023-07-31T14:15:28.603-0700 INFO No active profile set, falling back to 1 default profile: "default"
2023-07-31T14:15:29.504-0700 DEBUG Filter 'jwtAuthenticationFilter' configured for use
2023-07-31T14:15:30.194-0700 INFO Started MyspringMdbApp1Application in 1.707 seconds (process running for 2.283)
2023-07-31T14:15:54.244-0700 INFO Entering into restapi endpoint to get all ImageRecords
2023-07-31T14:15:54.245-0700 DEBUG Getting all image records with page size: 5, page number: 0, sort: UNSORTED
2023-07-31T14:16:14.824-0700 INFO Entering into restapi endpoint to get an ImageRecord by id
2023-07-31T14:16:14.825-0700 DEBUG Getting the ImageRecords by id: 2
2023-07-31T14:18:00.865-0700 INFO Starting Restful API App...
2023-07-31T14:18:01.017-0700 INFO Starting MyspringMdbApp1Application using Java 19.0.2 with PID 3100 (/Users/sunxu/eclipse-workspace/myspring-mdb-app1/target/classes started by sunxu in /Users/sunxu/eclipse-workspace/myspring-mdb-app1)
2023-07-31T14:18:01.018-0700 DEBUG Running with Spring Boot v3.1.1, Spring v6.0.10
2023-07-31T14:18:01.018-0700 INFO No active profile set, falling back to 1 default profile: "default"
2023-07-31T14:18:01.910-0700 DEBUG Filter 'jwtAuthenticationFilter' configured for use
2023-07-31T14:18:02.595-0700 INFO Started MyspringMdbApp1Application in 1.691 seconds (process running for 2.196)
2023-07-31T14:18:26.227-0700 INFO Entering into restapi endpoint to get all ImageRecords
2023-07-31T14:18:26.228-0700 DEBUG Getting all image records with page size: 5, page number: 0, sort: UNSORTED
2023-07-31T14:20:14.223-0700 INFO Entering into restapi endpoint to get all ImageRecords
2023-07-31T14:20:14.225-0700 DEBUG Getting all image records with page size: 5, page number: 0, sort: UNSORTED
2023-07-31T14:21:44.456-0700 DEBUG Generating new identifier for sequence name: useraccount_sequence
2023-07-31T15:06:37.322-0700 INFO Starting JWT based Restful-API Demo App...
2023-07-31T15:06:37.463-0700 INFO Starting MyspringMdbApp1Application using Java 19.0.2 with PID 3384 (/Users/sunxu/eclipse-workspace/myspring-mdb-app1/target/classes started by sunxu in /Users/sunxu/eclipse-workspace/myspring-mdb-app1)
2023-07-31T15:06:37.464-0700 DEBUG Running with Spring Boot v3.1.1, Spring v6.0.10
2023-07-31T15:06:37.464-0700 INFO No active profile set, falling back to 1 default profile: "default"
2023-07-31T15:06:38.359-0700 DEBUG Filter 'jwtAuthenticationFilter' configured for use
2023-07-31T15:06:39.048-0700 INFO Started MyspringMdbApp1Application in 1.697 seconds (process running for 2.023)
2023-07-31T15:33:42.538-0700 INFO Starting MyspringMdbApp1ApplicationTests using Java 19.0.2 with PID 3802 (started by sunxu in /Users/sunxu/eclipse-workspace/myspring-mdb-app1)
2023-07-31T15:33:42.539-0700 DEBUG Running with Spring Boot v3.1.1, Spring v6.0.10
2023-07-31T15:33:42.540-0700 INFO No active profile set, falling back to 1 default profile: "default"
2023-07-31T15:33:44.483-0700 INFO Started MyspringMdbApp1ApplicationTests in 2.046 seconds (process running for 2.871)
2023-07-31T15:34:46.293-0700 INFO Starting JWT based Restful-API Demo App...
2023-07-31T15:34:46.438-0700 INFO Starting MyspringMdbApp1Application using Java 19.0.2 with PID 3823 (/Users/sunxu/eclipse-workspace/myspring-mdb-app1/target/classes started by sunxu in /Users/sunxu/eclipse-workspace/myspring-mdb-app1)
2023-07-31T15:34:46.439-0700 DEBUG Running with Spring Boot v3.1.1, Spring v6.0.10
2023-07-31T15:34:46.440-0700 INFO No active profile set, falling back to 1 default profile: "default"
2023-07-31T15:34:47.310-0700 DEBUG Filter 'jwtAuthenticationFilter' configured for use
2023-07-31T15:34:48.006-0700 INFO Started MyspringMdbApp1Application in 1.677 seconds (process running for 1.99)
2023-07-31T15:35:37.445-0700 INFO Entering into restapi endpoint to get all ImageRecords
2023-07-31T15:35:37.449-0700 DEBUG Getting all image records with page size: 5, page number: 0, sort: UNSORTED
2023-07-31T15:35:51.049-0700 INFO Entering into graphql endpoint to get all ImageRecords
2023-07-31T15:35:51.050-0700 DEBUG Getting all image records with page size: 10, page number: 0, sort: UNSORTED
2023-07-31T15:43:25.250-0700 INFO Starting JWT based Restful-API Demo App...
2023-07-31T15:43:25.387-0700 INFO Starting MyspringMdbApp1Application using Java 19.0.2 with PID 4024 (/Users/sunxu/eclipse-workspace/myspring-mdb-app1/target/classes started by sunxu in /Users/sunxu/eclipse-workspace/myspring-mdb-app1)
2023-07-31T15:43:25.388-0700 DEBUG Running with Spring Boot v3.1.1, Spring v6.0.10
2023-07-31T15:43:25.389-0700 INFO No active profile set, falling back to 1 default profile: "default"
2023-07-31T15:43:26.276-0700 DEBUG Filter 'jwtAuthenticationFilter' configured for use
2023-07-31T15:43:26.961-0700 INFO Started MyspringMdbApp1Application in 1.685 seconds (process running for 2.178)
2023-07-31T15:45:39.906-0700 INFO Entering into restapi endpoint to get all ImageRecords
2023-07-31T15:45:39.909-0700 DEBUG Getting all image records with page size: 5, page number: 0, sort: UNSORTED
2023-07-31T15:49:45.882-0700 INFO Entering into graphql endpoint to get all ImageRecords
2023-07-31T15:49:45.883-0700 DEBUG Getting all image records with page size: 10, page number: 0, sort: UNSORTED
2023-07-31T15:50:37.261-0700 INFO Entering into graphql endpoint to get all ImageRecords
2023-07-31T15:50:37.262-0700 DEBUG Getting all image records with page size: 10, page number: 0, sort: UNSORTED
2023-07-31T15:51:13.907-0700 INFO Entering into graphql endpoint to get all ImageRecords
2023-07-31T15:51:13.910-0700 DEBUG Getting all image records with page size: 10, page number: 0, sort: UNSORTED
2023-07-31T15:51:27.534-0700 INFO Entering into graphql endpoint to get all ImageRecords
2023-07-31T15:51:27.534-0700 DEBUG Getting all image records with page size: 10, page number: 0, sort: UNSORTED
2023-07-31T15:51:29.399-0700 INFO Entering into graphql endpoint to get all ImageRecords
2023-07-31T15:51:29.400-0700 DEBUG Getting all image records with page size: 10, page number: 0, sort: UNSORTED
2023-07-31T15:53:59.641-0700 INFO Entering into graphql endpoint to get all ImageRecords
2023-07-31T15:53:59.644-0700 DEBUG Getting all image records with page size: 10, page number: 0, sort: UNSORTED
2023-07-31T15:54:31.630-0700 INFO Entering into restapi endpoint to get all ImageRecords
2023-07-31T15:54:31.631-0700 DEBUG Getting all image records with page size: 5, page number: 0, sort: UNSORTED
2023-07-31T15:55:51.679-0700 INFO Entering into graphql endpoint to get an ImageRecord by id
2023-07-31T15:55:51.681-0700 DEBUG Getting the ImageRecords by id: 1
2023-07-31T15:55:58.721-0700 INFO Entering into graphql endpoint to get an ImageRecord by id
2023-07-31T15:55:58.721-0700 DEBUG Getting the ImageRecords by id: 1
2023-07-31T15:56:49.059-0700 INFO Entering into graphql endpoint to get an ImageRecord by id
2023-07-31T15:56:49.062-0700 DEBUG Getting the ImageRecords by id: 1
2023-07-31T15:59:08.455-0700 INFO Entering into graphql endpoint to get an ImageRecord by id
2023-07-31T15:59:08.458-0700 DEBUG Getting the ImageRecords by id: 1
2023-07-31T16:04:54.886-0700 INFO Entering into restapi endpoint to get all ImageRecords
2023-07-31T16:04:54.888-0700 DEBUG Getting all image records with page size: 5, page number: 0, sort: UNSORTED
2023-07-31T16:05:09.197-0700 INFO Entering into restapi endpoint to get all ImageRecords
2023-07-31T16:05:09.199-0700 DEBUG Getting all image records with page size: 5, page number: 0, sort: UNSORTED
2023-07-31T16:05:25.049-0700 INFO Entering into restapi endpoint to get all ImageRecords
2023-07-31T16:05:25.050-0700 DEBUG Getting all image records with page size: 5, page number: 0, sort: UNSORTED
2023-07-31T16:06:54.468-0700 INFO Entering into graphql endpoint to get an ImageRecord by id
2023-07-31T16:06:54.470-0700 DEBUG Getting the ImageRecords by id: 1
2023-07-31T16:10:28.367-0700 INFO Entering into graphql endpoint to get an ImageRecord by id
2023-07-31T16:10:28.369-0700 DEBUG Getting the ImageRecords by id: 1
2023-07-31T16:12:29.668-0700 INFO Entering into restapi endpoint to get all ImageRecords
2023-07-31T16:12:29.670-0700 DEBUG Getting all image records with page size: 5, page number: 0, sort: UNSORTED
2023-07-31T16:13:42.899-0700 INFO Entering into graphql endpoint to get an ImageRecord by id
2023-07-31T16:13:42.901-0700 DEBUG Getting the ImageRecords by id: 1
2023-07-31T16:16:52.453-0700 INFO Starting JWT based Restful-API Demo App...
2023-07-31T16:16:52.620-0700 INFO Starting MyspringMdbApp1Application using Java 19.0.2 with PID 4597 (/Users/sunxu/eclipse-workspace/myspring-mdb-app1/target/classes started by sunxu in /Users/sunxu/eclipse-workspace/myspring-mdb-app1)
2023-07-31T16:16:52.621-0700 DEBUG Running with Spring Boot v3.1.1, Spring v6.0.10
2023-07-31T16:16:52.621-0700 INFO No active profile set, falling back to 1 default profile: "default"
2023-07-31T16:16:53.579-0700 DEBUG Filter 'jwtAuthenticationFilter' configured for use
2023-07-31T16:16:54.308-0700 INFO Started MyspringMdbApp1Application in 1.818 seconds (process running for 2.167)
2023-07-31T16:20:54.337-0700 INFO Entering into graphql endpoint to get an ImageRecord by id
2023-07-31T16:20:54.337-0700 DEBUG Getting the ImageRecords by id: 1
2023-07-31T16:21:09.454-0700 INFO Entering into graphql endpoint to get an ImageRecord by id
2023-07-31T16:21:09.454-0700 DEBUG Getting the ImageRecords by id: 1
2023-07-31T16:22:07.971-0700 INFO Entering into graphql endpoint to get an ImageRecord by id
2023-07-31T16:22:07.972-0700 DEBUG Getting the ImageRecords by id: 1
2023-07-31T16:22:19.514-0700 INFO Entering into graphql endpoint to get an ImageRecord by id
2023-07-31T16:22:19.516-0700 DEBUG Getting the ImageRecords by id: 1
2023-07-31T16:22:55.442-0700 INFO Entering into graphql endpoint to get an ImageRecord by id
2023-07-31T16:22:55.443-0700 DEBUG Getting the ImageRecords by id: 1
2023-07-31T16:23:37.767-0700 INFO Entering into graphql endpoint to get all ImageRecords
2023-07-31T16:23:37.770-0700 DEBUG Getting all image records with page size: 10, page number: 0, sort: UNSORTED
2023-07-31T16:23:53.628-0700 INFO Entering into restapi endpoint to get all ImageRecords
2023-07-31T16:23:53.628-0700 DEBUG Getting all image records with page size: 5, page number: 0, sort: UNSORTED
2023-07-31T16:24:14.865-0700 INFO Entering into restapi endpoint to get all ImageRecords
2023-07-31T16:24:14.866-0700 DEBUG Getting all image records with page size: 5, page number: 0, sort: UNSORTED
2023-07-31T16:24:18.752-0700 INFO Entering into graphql endpoint to get all ImageRecords
2023-07-31T16:24:18.753-0700 DEBUG Getting all image records with page size: 10, page number: 0, sort: UNSORTED
2023-07-31T16:25:15.891-0700 INFO Entering into graphql endpoint to get all ImageRecords
2023-07-31T16:25:15.892-0700 DEBUG Getting all image records with page size: 10, page number: 0, sort: UNSORTED
2023-07-31T16:25:47.384-0700 INFO Entering into graphql endpoint to get all ImageRecords
2023-07-31T16:25:47.384-0700 DEBUG Getting all image records with page size: 5, page number: 0, sort: UNSORTED
2023-07-31T16:25:54.747-0700 INFO Entering into graphql endpoint to get all ImageRecords
2023-07-31T16:25:54.747-0700 DEBUG Getting all image records with page size: 4, page number: 0, sort: UNSORTED
2023-07-31T16:26:00.637-0700 INFO Entering into graphql endpoint to get all ImageRecords
2023-07-31T16:26:00.637-0700 DEBUG Getting all image records with page size: 2, page number: 0, sort: UNSORTED
2023-07-31T16:26:08.715-0700 INFO Entering into graphql endpoint to get all ImageRecords
2023-07-31T16:26:08.716-0700 DEBUG Getting all image records with page size: 5, page number: 0, sort: UNSORTED
2023-07-31T16:26:12.662-0700 INFO Entering into graphql endpoint to get all ImageRecords
2023-07-31T16:26:12.663-0700 DEBUG Getting all image records with page size: 5, page number: 1, sort: UNSORTED
2023-07-31T16:26:21.452-0700 INFO Entering into graphql endpoint to get all ImageRecords
2023-07-31T16:26:21.452-0700 DEBUG Getting all image records with page size: 5, page number: 0, sort: UNSORTED
2023-07-31T16:26:26.065-0700 INFO Entering into graphql endpoint to get all ImageRecords
2023-07-31T16:26:26.066-0700 DEBUG Getting all image records with page size: 6, page number: 0, sort: UNSORTED
2023-07-31T16:26:31.853-0700 INFO Entering into graphql endpoint to get all ImageRecords
2023-07-31T16:26:31.853-0700 DEBUG Getting all image records with page size: 6, page number: 0, sort: UNSORTED
2023-07-31T16:26:40.372-0700 INFO Entering into restapi endpoint to get all ImageRecords
2023-07-31T16:26:40.374-0700 DEBUG Getting all image records with page size: 5, page number: 0, sort: UNSORTED
2023-07-31T16:28:23.526-0700 INFO Entering into graphql endpoint to get all ImageRecords
2023-07-31T16:28:23.528-0700 DEBUG Getting all image records with page size: 6, page number: 0, sort: UNSORTED
2023-07-31T16:28:41.754-0700 INFO Entering into graphql endpoint to get all ImageRecords
2023-07-31T16:28:41.756-0700 DEBUG Getting all image records with page size: 6, page number: 0, sort: UNSORTED
2023-07-31T16:30:07.639-0700 INFO Starting JWT based Restful-API Demo App...
2023-07-31T16:30:07.784-0700 INFO Starting MyspringMdbApp1Application using Java 19.0.2 with PID 4796 (/Users/sunxu/eclipse-workspace/myspring-mdb-app1/target/classes started by sunxu in /Users/sunxu/eclipse-workspace/myspring-mdb-app1)
2023-07-31T16:30:07.785-0700 DEBUG Running with Spring Boot v3.1.1, Spring v6.0.10
2023-07-31T16:30:07.785-0700 INFO No active profile set, falling back to 1 default profile: "default"
2023-07-31T16:30:08.714-0700 DEBUG Filter 'jwtAuthenticationFilter' configured for use
2023-07-31T16:30:09.430-0700 INFO Started MyspringMdbApp1Application in 1.76 seconds (process running for 2.301)
2023-07-31T16:30:13.305-0700 INFO Entering into graphql endpoint to get all ImageRecords
2023-07-31T16:30:13.306-0700 DEBUG Getting all image records with page size: 6, page number: 0, sort: UNSORTED
2023-07-31T16:30:27.711-0700 INFO Entering into graphql endpoint to get an ImageRecord by id
2023-07-31T16:30:27.712-0700 DEBUG Getting the ImageRecords by id: 1
2023-07-31T16:30:52.799-0700 INFO Entering into graphql endpoint to get an ImageRecord by id
2023-07-31T16:30:52.800-0700 DEBUG Getting the ImageRecords by id: 1
2023-07-31T16:34:17.029-0700 INFO Entering into graphql endpoint to get all ImageRecords
2023-07-31T16:34:17.032-0700 DEBUG Getting all image records with page size: 6, page number: 0, sort: UNSORTED
2023-07-31T16:34:34.025-0700 INFO Entering into graphql endpoint to get an ImageRecord by id
2023-07-31T16:34:34.026-0700 DEBUG Getting the ImageRecords by id: 1
2023-07-31T16:51:48.427-0700 INFO Starting MyspringMdbApp1ApplicationTests using Java 19.0.2 with PID 5269 (started by sunxu in /Users/sunxu/eclipse-workspace/myspring-mdb-app1)
2023-07-31T16:51:48.429-0700 DEBUG Running with Spring Boot v3.1.1, Spring v6.0.10
2023-07-31T16:51:48.429-0700 INFO No active profile set, falling back to 1 default profile: "default"
2023-07-31T16:51:50.308-0700 INFO Started MyspringMdbApp1ApplicationTests in 1.982 seconds (process running for 2.858)
2023-08-03T13:50:56.483-0700 INFO Starting JWT based Restful-API Demo App...
2023-08-03T13:50:56.647-0700 INFO Starting MyspringMdbApp1Application using Java 19.0.2 with PID 4281 (/Users/sunxu/eclipse-workspace/myspring-mdb-app1/target/classes started by sunxu in /Users/sunxu/eclipse-workspace/myspring-mdb-app1)
2023-08-03T13:50:56.648-0700 DEBUG Running with Spring Boot v3.1.1, Spring v6.0.10
2023-08-03T13:50:56.648-0700 INFO No active profile set, falling back to 1 default profile: "default"
2023-08-03T13:50:57.639-0700 DEBUG Filter 'jwtAuthenticationFilter' configured for use
2023-08-03T13:50:58.406-0700 INFO Started MyspringMdbApp1Application in 1.885 seconds (process running for 2.433)
2023-08-03T14:04:48.653-0700 INFO Entering into graphql endpoint to get an ImageRecord by id
2023-08-03T14:04:48.654-0700 DEBUG Getting the ImageRecords by id: 1
2023-08-03T14:05:12.452-0700 INFO Entering into graphql endpoint to get an ImageRecord by id
2023-08-03T14:05:12.453-0700 DEBUG Getting the ImageRecords by id: 1
2023-08-03T14:05:18.673-0700 INFO Entering into graphql endpoint to get all ImageRecords
2023-08-03T14:05:18.674-0700 DEBUG Getting all image records with page size: 6, page number: 0, sort: UNSORTED
2023-08-03T14:05:22.736-0700 INFO Entering into graphql endpoint to get all ImageRecords
2023-08-03T14:05:22.737-0700 DEBUG Getting all image records with page size: 6, page number: 0, sort: UNSORTED
2023-08-03T14:05:24.419-0700 INFO Entering into graphql endpoint to get all ImageRecords
2023-08-03T14:05:24.419-0700 DEBUG Getting all image records with page size: 6, page number: 0, sort: UNSORTED
2023-08-03T14:05:33.346-0700 INFO Entering into graphql endpoint to get all ImageRecords
2023-08-03T14:05:33.347-0700 DEBUG Getting all image records with page size: 6, page number: 0, sort: UNSORTED
2023-08-03T14:05:38.362-0700 INFO Entering into graphql endpoint to get all ImageRecords
2023-08-03T14:05:38.362-0700 DEBUG Getting all image records with page size: 6, page number: 0, sort: UNSORTED
2023-08-03T14:05:40.049-0700 INFO Entering into graphql endpoint to get all ImageRecords
2023-08-03T14:05:40.049-0700 DEBUG Getting all image records with page size: 6, page number: 0, sort: UNSORTED
2023-08-03T14:05:48.069-0700 INFO Entering into graphql endpoint to get all ImageRecords
2023-08-03T14:05:48.070-0700 DEBUG Getting all image records with page size: 6, page number: 0, sort: UNSORTED
2023-08-03T14:05:53.287-0700 INFO Entering into graphql endpoint to get all ImageRecords
2023-08-03T14:05:53.287-0700 DEBUG Getting all image records with page size: 6, page number: 0, sort: UNSORTED
2023-08-03T14:06:21.110-0700 INFO Entering into graphql endpoint to get all ImageRecords
2023-08-03T14:06:21.112-0700 DEBUG Getting all image records with page size: 6, page number: 0, sort: UNSORTED
2023-08-03T14:06:27.183-0700 INFO Entering into graphql endpoint to get all ImageRecords
2023-08-03T14:06:27.184-0700 DEBUG Getting all image records with page size: 6, page number: 0, sort: UNSORTED
2023-08-03T14:06:31.783-0700 INFO Entering into graphql endpoint to get all ImageRecords
2023-08-03T14:06:31.784-0700 DEBUG Getting all image records with page size: 6, page number: 0, sort: UNSORTED
2023-08-03T14:06:42.358-0700 INFO Entering into graphql endpoint to get an ImageRecord by id
2023-08-03T14:06:42.359-0700 DEBUG Getting the ImageRecords by id: 1
2023-08-03T14:07:06.410-0700 INFO Entering into graphql endpoint to get an ImageRecord by id
2023-08-03T14:07:06.412-0700 DEBUG Getting the ImageRecords by id: 1
2023-08-03T14:07:18.379-0700 INFO Entering into graphql endpoint to get an ImageRecord by id
2023-08-03T14:07:18.381-0700 DEBUG Getting the ImageRecords by id: 1
2023-08-03T14:07:34.752-0700 INFO Entering into graphql endpoint to get an ImageRecord by id
2023-08-03T14:07:34.753-0700 DEBUG Getting the ImageRecords by id: 1
2023-08-03T14:11:43.776-0700 INFO Entering into restapi endpoint to get all ImageRecords
2023-08-03T14:11:43.778-0700 DEBUG Getting all image records with page size: 5, page number: 0, sort: UNSORTED
2023-08-03T14:12:00.739-0700 INFO Entering into restapi endpoint to get all ImageRecords
2023-08-03T14:12:00.741-0700 DEBUG Getting all image records with page size: 5, page number: 0, sort: UNSORTED
2023-08-03T14:12:15.605-0700 INFO Entering into restapi endpoint to get all ImageRecords
2023-08-03T14:12:15.607-0700 DEBUG Getting all image records with page size: 5, page number: 0, sort: UNSORTED
